[debug] ----------------------------------------------------------------------
[debug] Command:      /usr/local/bin/node /usr/local/bin/firebase serve
[debug] CLI Version:  3.0.4
[debug] Platform:     darwin
[debug] Node Version: v4.4.7
[debug] Time:         Tue Jul 19 2016 22:42:34 GMT-0400 (EDT)
[debug] ----------------------------------------------------------------------
[debug] 
[info] Starting Firebase development server...
[info] 
[info] Project Directory: /Users/Armellini1/WebDev/pj
[info] Public Directory: public
[info] 
[info] Server listening at: http://localhost:5000
[debug] ----------------------------------------------------------------------
[debug] Command:      /usr/local/bin/node /usr/local/bin/firebase serve
[debug] CLI Version:  3.0.4
[debug] Platform:     darwin
[debug] Node Version: v4.4.7
[debug] Time:         Sat Jul 23 2016 09:08:12 GMT-0400 (EDT)
[debug] ----------------------------------------------------------------------
[debug] 
[info] Starting Firebase development server...
[info] 
[info] Project Directory: /Users/Armellini1/WebDev/pj
[info] Public Directory: public
[info] 
[info] Server listening at: http://localhost:5000
[debug] ----------------------------------------------------------------------
[debug] Command:      /usr/local/bin/node /usr/local/bin/firebase serve
[debug] CLI Version:  3.0.4
[debug] Platform:     darwin
[debug] Node Version: v4.4.7
[debug] Time:         Wed Aug 03 2016 11:22:46 GMT+0200 (CEST)
[debug] ----------------------------------------------------------------------
[debug] 
[info] Starting Firebase development server...
[info] 
[info] Project Directory: /Users/Armellini1/WebDev/pj
[info] Public Directory: public
[info] 
[info] Server listening at: http://localhost:5000
